<?xml version="1.0" encoding="UTF-8" ?>
<testsuites errors="0"
            failures="1"
            tests="2">

  <testsuite name="test"
    errors="0" failures="1" hostname="" id="" package="test" skipped="0"
    tests="2" time="28.94" timestamp="">
  
    <testcase name="Verify expected Objects are present on the home page" classname="test" time="9.659" assertions="6">

    

    

    

    

    

    
    </testcase>
  
    <testcase name="Get a quote for a Home Ins" classname="test" time="19.28" assertions="2">

      <failure message="Timed out while waiting for element &lt;//input[@id=&#34;first_name-input&#34;]&gt; to be present for 10000 milliseconds. - expected &#34;visible&#34; but got: &#34;not found&#34; (10338ms)">    at module.exports (C:\Git\Python_Projects\TheZebra\theZebra\zebraTestFunc\setTheHomePageFunc.js:28:15)
    at C:\Git\Python_Projects\TheZebra\theZebra\zebraTests\test.js:33:5
    at Array.forEach (&lt;anonymous&gt;)
    at Object.Get a quote for a Home Ins (C:\Git\Python_Projects\TheZebra\theZebra\zebraTests\test.js:32:31)</failure>
<system-out>[[ATTACHMENT|C:\Git\Python_Projects\TheZebra\theZebra\screens\test\Get-a-quote-for-a-Home-Ins_FAILED_Apr-15-2021-195830-GMT-0500.png]]</system-out>
    
    </testcase>
  

  

    

  
  </testsuite>
</testsuites>
