<?xml version="1.0" encoding="UTF-8" ?>
<testsuites errors="0"
            failures="1"
            tests="1">

  <testsuite name="test"
    errors="0" failures="1" hostname="" id="" package="test" skipped="0"
    tests="1" time="10.51" timestamp="">
  
    <testcase name="Verify expected Objects are present on the home page" classname="test" time="10.51" assertions="1">  <failure message="Timed out while waiting for element &lt;//span[contains(text(),&#34;Compare&#34;)]&gt; to be present for 10000 milliseconds. - expected &#34;visible&#34; but got: &#34;not found&#34; (10116ms)">    at Object.Verify expected Objects are present on the home page (C:\Git\Python_Projects\TheZebra\theZebra\zebraTests\test.js:15:14)</failure>
<system-out>[[ATTACHMENT|C:\Git\Python_Projects\TheZebra\theZebra\screens\test\Verify-expected-Objects-are-present-on-the-home-page_FAILED_Apr-15-2021-131059-GMT-0500.png]]</system-out>
    
    </testcase>
  

  

    

  
  </testsuite>
</testsuites>
